<?xml version="1.0" encoding="UTF-8"?>
<!-- Generated by org.testng.reporters.JUnitXMLReporter -->
<testsuite ignored="0" hostname="DESKTOP-36SMPU4" failures="4" tests="5" name="Test1" time="19.875" errors="0" timestamp="2023-01-24T20:44:48 CET">
  <testcase classname="tutorialsNinjaTests.LoginPageTest" name="verifyLogin" time="1.406"/>
  <testcase classname="tutorialsNinjaTests.LoginPageTest" name="verifyLogin" time="1.104">
    <failure type="java.lang.AssertionError" message="expected [http://tutorialsninja.com/demo/index.php?route=account/account] but found [http://tutorialsninja.com/demo/index.php?route=account/login]">
      <![CDATA[java.lang.AssertionError: expected [http://tutorialsninja.com/demo/index.php?route=account/account] but found [http://tutorialsninja.com/demo/index.php?route=account/login]
at tutorialsNinjaTests.LoginPageTest.verifyLogin(LoginPageTest.java:35)
at java.base/java.util.ArrayList.forEach(ArrayList.java:1511)
... Removed 33 stack frames]]>
    </failure>
  </testcase> <!-- verifyLogin -->
  <testcase classname="tutorialsNinjaTests.LoginPageTest" name="verifyLogin" time="1.022">
    <failure type="java.lang.AssertionError" message="expected [http://tutorialsninja.com/demo/index.php?route=account/account] but found [http://tutorialsninja.com/demo/index.php?route=account/login]">
      <![CDATA[java.lang.AssertionError: expected [http://tutorialsninja.com/demo/index.php?route=account/account] but found [http://tutorialsninja.com/demo/index.php?route=account/login]
at tutorialsNinjaTests.LoginPageTest.verifyLogin(LoginPageTest.java:35)
at java.base/java.util.ArrayList.forEach(ArrayList.java:1511)
... Removed 33 stack frames]]>
    </failure>
  </testcase> <!-- verifyLogin -->
  <testcase classname="tutorialsNinjaTests.LoginPageTest" name="verifyLogin" time="0.988">
    <failure type="java.lang.AssertionError" message="expected [http://tutorialsninja.com/demo/index.php?route=account/account] but found [http://tutorialsninja.com/demo/index.php?route=account/login]">
      <![CDATA[java.lang.AssertionError: expected [http://tutorialsninja.com/demo/index.php?route=account/account] but found [http://tutorialsninja.com/demo/index.php?route=account/login]
at tutorialsNinjaTests.LoginPageTest.verifyLogin(LoginPageTest.java:35)
at java.base/java.util.ArrayList.forEach(ArrayList.java:1511)
... Removed 33 stack frames]]>
    </failure>
  </testcase> <!-- verifyLogin -->
  <testcase classname="tutorialsNinjaTests.LoginPageTest" name="verifyLogin" time="0.95">
    <failure type="java.lang.AssertionError" message="expected [http://tutorialsninja.com/demo/index.php?route=account/account] but found [http://tutorialsninja.com/demo/index.php?route=account/login]">
      <![CDATA[java.lang.AssertionError: expected [http://tutorialsninja.com/demo/index.php?route=account/account] but found [http://tutorialsninja.com/demo/index.php?route=account/login]
at tutorialsNinjaTests.LoginPageTest.verifyLogin(LoginPageTest.java:35)
at java.base/java.util.ArrayList.forEach(ArrayList.java:1511)
... Removed 33 stack frames]]>
    </failure>
  </testcase> <!-- verifyLogin -->
</testsuite> <!-- Test1 -->
